#-----------------------------------------------------------
# Vivado v2021.1 (64-bit)
# SW Build 3247384 on Thu Jun 10 19:36:33 MDT 2021
# IP Build 3246043 on Fri Jun 11 00:30:35 MDT 2021
# Start of session at: Sat Jan  6 16:35:44 2024
# Process ID: 12984
# Current directory: C:/Users/freez/OneDrive/Desktop/POLI STUFF/Semestrul 2/SSC proiect/Comenzi de la un dispozitiv
# Command line: vivado.exe -gui_launcher_event rodinguilauncherevent4632 C:\Users\freez\OneDrive\Desktop\POLI STUFF\Semestrul 2\SSC proiect\Comenzi de la un dispozitiv\Comenzi de la un dispozitiv.xpr
# Log file: C:/Users/freez/OneDrive/Desktop/POLI STUFF/Semestrul 2/SSC proiect/Comenzi de la un dispozitiv/vivado.log
# Journal file: C:/Users/freez/OneDrive/Desktop/POLI STUFF/Semestrul 2/SSC proiect/Comenzi de la un dispozitiv\vivado.jou
#-----------------------------------------------------------
start_gui
open_project {C:/Users/freez/OneDrive/Desktop/POLI STUFF/Semestrul 2/SSC proiect/Comenzi de la un dispozitiv/Comenzi de la un dispozitiv.xpr}
INFO: [ProjectBase 1-489] The host OS only allows 260 characters in a normal path. The project is stored in a path with more than 80 characters. If you experience issues with IP, Block Designs, or files not being found, please consider moving the project to a location with a shorter path. Alternately consider using the OS subst command to map part of the path to a drive letter.
Current project path is 'C:/Users/freez/OneDrive/Desktop/POLI STUFF/Semestrul 2/SSC proiect/Comenzi de la un dispozitiv'
WARNING: [filemgmt 56-3] Default IP Output Path : Could not find the directory 'C:/Users/freez/OneDrive/Desktop/POLI STUFF/Semestrul 2/SSC proiect/Comenzi de la un dispozitiv/Comenzi de la un dispozitiv.gen/sources_1'.
Scanning sources...
Finished scanning sources
INFO: [IP_Flow 19-234] Refreshing IP repositories
INFO: [IP_Flow 19-1704] No user IP repositories specified
INFO: [IP_Flow 19-2313] Loaded Vivado IP repository 'C:/Xilinx/Vivado/2021.1/data/ip'.
open_project: Time (s): cpu = 00:00:21 ; elapsed = 00:00:10 . Memory (MB): peak = 1117.746 ; gain = 0.000
update_compile_order -fileset sources_1
exit
INFO: [Common 17-206] Exiting Vivado at Sat Jan  6 16:37:10 2024...
